[2026-02-07 02:40:07] [INFO] Root 权限已确认
[2026-02-07 02:40:07] [INFO] 开始提取内核信息
[2026-02-07 02:40:07] [INFO] 输出目录: /storage/emulated/0/revki/extracted_20260207_024006
[2026-02-07 02:40:07] [INFO] 时间: Sat Feb  7 02:40:07 CST 2026
[2026-02-07 02:40:07] [INFO] 设备: V2324HA
[2026-02-07 02:40:07] [INFO] 内核版本: 6.1.124-android14-11-maybe-dirty

======================================== 1. 基础系统信息 ========================================
[2026-02-07 02:40:07] [INFO] 提取内核版本信息...
[2026-02-07 02:40:07] [INFO] 提取 uname 信息...
[2026-02-07 02:40:07] [INFO] 提取内核命令行...
[2026-02-07 02:40:07] [INFO] 提取 CPU 信息...
[2026-02-07 02:40:07] [INFO] 提取设备属性...

======================================== 2. 内核配置 (config.gz) ========================================
[2026-02-07 02:40:07] [INFO] 尝试提取 /proc/config.gz...
[2026-02-07 02:40:07] [INFO] config.gz 提取成功
[2026-02-07 02:40:07] [INFO] config.gz 解压成功

======================================== 3. 内核模块信息 (优化搜索) ========================================
[2026-02-07 02:40:07] [INFO] 提取已加载模块列表...
[2026-02-07 02:40:07] [INFO] 查找设备上 .ko 文件 (这可能需要一些时间)...
开始搜索 .ko 文件，请耐心等待...
[2026-02-07 02:40:07] [INFO] 发现 347 个 .ko 模块文件
[2026-02-07 02:40:07] [WARN] 找到太多模块 (347)，只处理前100个
[2026-02-07 02:40:07] [INFO] 获取模块信息（不复制文件）...
[2026-02-07 02:40:09] [INFO] 模块信息提取完成

======================================== 4. 设备树信息 ========================================
[2026-02-07 02:40:09] [INFO] 尝试从 /sys/firmware/fdt 提取设备树...
[2026-02-07 02:40:09] [INFO] FDT 提取成功
[2026-02-07 02:40:09] [INFO] 提取关键设备树属性...

======================================== 5. 安全信息 ========================================
[2026-02-07 02:40:09] [INFO] 提取安全相关信息...
[2026-02-07 02:40:10] [INFO] 提取内核日志 (dmesg)...
[2026-02-07 02:40:10] [INFO] dmesg 提取成功

======================================== 6. 内核符号信息 ========================================
[2026-02-07 02:40:10] [INFO] 提取 /proc/kallsyms...
[2026-02-07 02:40:10] [INFO] kallsyms: 427602 行
[2026-02-07 02:40:10] [WARN] kallsyms 地址被遮蔽，尝试解除限制...

======================================== 7. 分区信息 (简化版) ========================================
[2026-02-07 02:40:12] [INFO] 提取分区信息...
[2026-02-07 02:40:12] [INFO] 查找关键分区...

======================================== 8. 提取完成 ========================================
[2026-02-07 02:40:12] [INFO] 核心信息提取完成！
